[36mvite v7.3.1 [32mbuilding client environment for production...[36m[39m
transforming...
[32mΓ£ô[39m 3 modules transformed.
npx.cmd : [31mΓ£ù[39m Build failed in 
189ms
At line:1 char:1
+ npx.cmd vite build > err.log 2>&1
+ ~~~~~~~~~~~~~~~~~~~~~~~~~~~~~~~~~
    + CategoryInfo          : NotSpecifie 
   d: ([31mΓ£ù[39m Build failed in 189  
  ms:String) [], RemoteException
    + FullyQualifiedErrorId : NativeComma 
   ndError
 
[31merror during build:
[31m[vite:css] [postcss] It looks like 
you're trying to use `tailwindcss` 
directly as a PostCSS plugin. The PostCSS 
plugin has moved to a separate package, 
so to continue using Tailwind CSS with 
PostCSS you'll need to install 
`@tailwindcss/postcss` and update your 
PostCSS configuration.[31m
file: [36mC:/Users/faisa/OneDrive/Desktop
/rejuvne clinnic seo analysis/interactive-
report/src/index.css:undefined:NaN[31m
    at at 
(C:\Users\faisa\OneDrive\Desktop\rejuvne 
clinnic seo analysis\interactive-report\no
de_modules\tailwindcss\dist\lib.js:38:1643
)
    at LazyResult.runOnRoot 
(C:\Users\faisa\OneDrive\Desktop\rejuvne 
clinnic seo analysis\interactive-report\no
de_modules\postcss\lib\lazy-result.js:361:
16)
    at LazyResult.runAsync 
(C:\Users\faisa\OneDrive\Desktop\rejuvne 
clinnic seo analysis\interactive-report\no
de_modules\postcss\lib\lazy-result.js:290:
26)
    at LazyResult.async 
(C:\Users\faisa\OneDrive\Desktop\rejuvne 
clinnic seo analysis\interactive-report\no
de_modules\postcss\lib\lazy-result.js:192:
30)
    at LazyResult.then 
(C:\Users\faisa\OneDrive\Desktop\rejuvne 
clinnic seo analysis\interactive-report\no
de_modules\postcss\lib\lazy-result.js:436:
17)[39m
